<?xml version="1.0" encoding="UTF-8"?>
<!-- Generated by org.testng.reporters.JUnitReportReporter -->
<testsuite hostname="LAPTOP-LOSRHH5E" failures="0" tests="1" name="testcase.Tc_003_MergeLead" time="29.624" errors="0" timestamp="2023-04-15T21:30:53 IST" skipped="0">
  <testcase classname="testcase.Tc_003_MergeLead" name="reunMergeLead" time="29.624"/>
  <system-out/>
</testsuite> <!-- testcase.Tc_003_MergeLead -->
