<?xml version="1.0" encoding="UTF-8"?>
<!-- Generated by org.testng.reporters.JUnitReportReporter -->
<testsuite hostname="LAPTOP-LOSRHH5E" failures="0" tests="1" name="testcase.Tc_002_CreateLead" time="18.979" errors="0" timestamp="2023-04-15T21:41:32 IST" skipped="0">
  <testcase classname="testcase.Tc_002_CreateLead" name="runCreateLead" time="18.979"/>
  <system-out/>
</testsuite> <!-- testcase.Tc_002_CreateLead -->
