<?xml version="1.0" encoding="UTF-8"?>
<!-- Generated by org.testng.reporters.JUnitReportReporter -->
<testsuite hostname="LAPTOP-LOSRHH5E" failures="0" tests="1" name="testcase.Tc_004_EditLead" time="19.389" errors="0" timestamp="2023-04-15T21:41:32 IST" skipped="0">
  <testcase classname="testcase.Tc_004_EditLead" name="runEditLead" time="19.389"/>
  <system-out/>
</testsuite> <!-- testcase.Tc_004_EditLead -->
